<?xml version="1.0" encoding="UTF-8"?>
<testsuite xmlns:xsi="http://www.w3.org/2001/XMLSchema-instance" xsi:noNamespaceSchemaLocation="https://maven.apache.org/surefire/maven-surefire-plugin/xsd/surefire-test-report.xsd" version="3.0.2" name="com.extezany.PersonaResourceTest" time="12.597" tests="5" errors="0" skipped="0" failures="0">
  <properties>
[...]
</properties>
  <testcase name="testEliminarPersonaEndpoint" classname="com.extezany.PersonaResourceTest" time="1.909">
    <system-err><![CDATA[may 14, 2026 10:45:56 P. M. org.hibernate.jpa.internal.util.LogHelper logPersistenceUnitInformation
INFO: HHH000204: Processing PersistenceUnitInfo [name: <default>]
may 14, 2026 10:45:56 P. M. org.hibernate.Version logVersion
INFO: HHH000412: Hibernate ORM core version 6.6.0.Final
may 14, 2026 10:45:56 P. M. org.hibernate.engine.jdbc.env.internal.JdbcEnvironmentInitiator initiateService
INFO: HHH10001005: Database info:
	Database JDBC URL [undefined/unknown]
	Database driver: undefined/unknown
	Database version: 2.3.230
	Autocommit mode: undefined/unknown
	Isolation level: <unknown>
	Minimum pool size: undefined/unknown
	Maximum pool size: undefined/unknown
may 14, 2026 10:45:57 P. M. org.hibernate.validator.internal.util.Version <clinit>
INFO: HV000001: Hibernate Validator 8.0.1.Final
may 14, 2026 10:45:57 P. M. org.jboss.logmanager.JBossLoggerFinder getLogger
ERROR: The LogManager accessed before the "java.util.logging.manager" system property was set to "org.jboss.logmanager.LogManager". Results may be unexpected.
may 14, 2026 10:45:58 P. M. io.quarkus.bootstrap.runner.Timing printStartupTime
INFO: quarkus-crud 1.0.0-SNAPSHOT on JVM (powered by Quarkus 3.15.1) started in 5.544s. Listening on: http://localhost:8081
may 14, 2026 10:45:58 P. M. io.quarkus.bootstrap.runner.Timing printStartupTime
INFO: Profile test activated. 
may 14, 2026 10:45:58 P. M. io.quarkus.bootstrap.runner.Timing printStartupTime
INFO: Installed features: [agroal, cdi, hibernate-orm, hibernate-orm-panache, hibernate-validator, jdbc-h2, narayana-jta, rest, rest-jackson, smallrye-context-propagation, smallrye-openapi, swagger-ui, vertx]
]]></system-err>
  </testcase>
  <testcase name="testBuscarPersonaNoExistente" classname="com.extezany.PersonaResourceTest" time="0.027"/>
  <testcase name="testActualizarPersonaEndpoint" classname="com.extezany.PersonaResourceTest" time="0.08"/>
  <testcase name="testListarPersonasEndpoint" classname="com.extezany.PersonaResourceTest" time="0.196"/>
  <testcase name="testCrearPersonaEndpoint" classname="com.extezany.PersonaResourceTest" time="0.042"/>
</testsuite>